A51 MACRO ASSEMBLER  PROGRAM1                                                             02/09/2021 14:27:02 PAGE     1


MACRO ASSEMBLER A51 V8.2.7.0
OBJECT MODULE PLACED IN .\Objects\PROGRAM1.obj
ASSEMBLER INVOKED BY: C:\Keil_v5\C51\BIN\A51.EXE PROGRAM1.asm SET(SMALL) DEBUG PRINT(.\Listings\PROGRAM1.lst) OBJECT(.\O
                      bjects\PROGRAM1.obj) EP

LOC  OBJ            LINE     SOURCE

0000                   1     ORG 0000H
0000 7400              2     MOV A, #00H
0002 7940              3     MOV R1, #40H
                       4     
0004 8930              5     MOV 30H, R1
                       6     
0006 850102            7     MOV 2, 1
                       8     
                       9     
0009 80FE             10     HERE: SJMP HERE
                      11     END
A51 MACRO ASSEMBLER  PROGRAM1                                                             02/09/2021 14:27:02 PAGE     2

SYMBOL TABLE LISTING
------ ----- -------


N A M E             T Y P E  V A L U E   ATTRIBUTES

HERE . . . . . . .  C ADDR   0009H   A   


REGISTER BANK(S) USED: 0 


ASSEMBLY COMPLETE.  0 WARNING(S), 0 ERROR(S)
